<?xml version="1.0" encoding="UTF-8"?>
<testsuite xmlns:xsi="http://www.w3.org/2001/XMLSchema-instance" xsi:noNamespaceSchemaLocation="https://maven.apache.org/surefire/maven-surefire-plugin/xsd/surefire-test-report.xsd" name="de.kreuzwerker.blogs.bidirectionalprovider.DemoControllerTest" time="2.813" tests="7" errors="0" skipped="5" failures="0">
  <properties>
[...]
</properties>
  <testcase name="shouldFailDueToResponse" classname="de.kreuzwerker.blogs.bidirectionalprovider.DemoControllerTest" time="0">
    <skipped message="void de.kreuzwerker.blogs.bidirectionalprovider.DemoControllerTest.shouldFailDueToResponse() is @Disabled"/>
    <system-out><![CDATA[2022-07-12 14:21:09.692  INFO 27969 --- [           main] .b.t.c.SpringBootTestContextBootstrapper : Neither @ContextConfiguration nor @ContextHierarchy found for test class [de.kreuzwerker.blogs.bidirectionalprovider.DemoControllerTest], using SpringBootContextLoader
2022-07-12 14:21:09.693  INFO 27969 --- [           main] o.s.t.c.support.AbstractContextLoader    : Could not detect default resource locations for test class [de.kreuzwerker.blogs.bidirectionalprovider.DemoControllerTest]: no resource found for suffixes {-context.xml, Context.groovy}.
2022-07-12 14:21:09.693  INFO 27969 --- [           main] t.c.s.AnnotationConfigContextLoaderUtils : Could not detect default configuration classes for test class [de.kreuzwerker.blogs.bidirectionalprovider.DemoControllerTest]: DemoControllerTest does not declare any static, non-private, non-final, nested classes annotated with @Configuration.
2022-07-12 14:21:09.695  INFO 27969 --- [           main] .b.t.c.SpringBootTestContextBootstrapper : Found @SpringBootConfiguration de.kreuzwerker.blogs.bidirectionalprovider.ProviderApplication for test class de.kreuzwerker.blogs.bidirectionalprovider.DemoControllerTest
2022-07-12 14:21:09.696  INFO 27969 --- [           main] .b.t.c.SpringBootTestContextBootstrapper : Loaded default TestExecutionListener class names from location [META-INF/spring.factories]: [org.springframework.boot.test.mock.mockito.MockitoTestExecutionListener, org.springframework.boot.test.mock.mockito.ResetMocksTestExecutionListener, org.springframework.boot.test.autoconfigure.restdocs.RestDocsTestExecutionListener, org.springframework.boot.test.autoconfigure.web.client.MockRestServiceServerResetTestExecutionListener, org.springframework.boot.test.autoconfigure.web.servlet.MockMvcPrintOnlyOnFailureTestExecutionListener, org.springframework.boot.test.autoconfigure.web.servlet.WebDriverTestExecutionListener, org.springframework.boot.test.autoconfigure.webservices.client.MockWebServiceServerTestExecutionListener, org.springframework.test.context.web.ServletTestExecutionListener, org.springframework.test.context.support.DirtiesContextBeforeModesTestExecutionListener, org.springframework.test.context.event.ApplicationEventsTestExecutionListener, org.springframework.test.context.support.DependencyInjectionTestExecutionListener, org.springframework.test.context.support.DirtiesContextTestExecutionListener, org.springframework.test.context.transaction.TransactionalTestExecutionListener, org.springframework.test.context.jdbc.SqlScriptsTestExecutionListener, org.springframework.test.context.event.EventPublishingTestExecutionListener]
2022-07-12 14:21:09.696  INFO 27969 --- [           main] .b.t.c.SpringBootTestContextBootstrapper : Using TestExecutionListeners: [org.springframework.test.context.web.ServletTestExecutionListener@3f1158ee, org.springframework.test.context.support.DirtiesContextBeforeModesTestExecutionListener@6463da36, org.springframework.test.context.event.ApplicationEventsTestExecutionListener@4a4b288a, org.springframework.boot.test.mock.mockito.MockitoTestExecutionListener@1c6ac73c, org.springframework.boot.test.autoconfigure.SpringBootDependencyInjectionTestExecutionListener@29892a77, org.springframework.test.context.support.DirtiesContextTestExecutionListener@5341e71a, org.springframework.test.context.transaction.TransactionalTestExecutionListener@405d8a80, org.springframework.test.context.jdbc.SqlScriptsTestExecutionListener@ac4e690, org.springframework.test.context.event.EventPublishingTestExecutionListener@6afeaf2d, org.springframework.boot.test.mock.mockito.ResetMocksTestExecutionListener@365bfc5f, org.springframework.boot.test.autoconfigure.restdocs.RestDocsTestExecutionListener@1a7e799e, org.springframework.boot.test.autoconfigure.web.client.MockRestServiceServerResetTestExecutionListener@37a3ec27, org.springframework.boot.test.autoconfigure.web.servlet.MockMvcPrintOnlyOnFailureTestExecutionListener@283baa39, org.springframework.boot.test.autoconfigure.web.servlet.WebDriverTestExecutionListener@416b1265, org.springframework.boot.test.autoconfigure.webservices.client.MockWebServiceServerTestExecutionListener@2830315f]

  .   ____          _            __ _ _
 /\\ / ___'_ __ _ _(_)_ __  __ _ \ \ \ \
( ( )\___ | '_ | '_| | '_ \/ _` | \ \ \ \
 \\/  ___)| |_)| | | | | || (_| |  ) ) ) )
  '  |____| .__|_| |_|_| |_\__, | / / / /
 =========|_|==============|___/=/_/_/_/
 :: Spring Boot ::                (v2.7.1)

2022-07-12 14:21:10.035  INFO 27969 --- [           main] d.k.b.b.DemoControllerTest               : Starting DemoControllerTest using Java 17.0.1 on Anjas-MacBook-Pro.local with PID 27969 (started by anjagruss in /Users/anjagruss/GitHub/xw/blog-bidirectional-contract-testing-provider)
2022-07-12 14:21:10.036  INFO 27969 --- [           main] d.k.b.b.DemoControllerTest               : No active profile set, falling back to 1 default profile: "default"
2022-07-12 14:21:10.325  INFO 27969 --- [           main] o.s.b.w.embedded.tomcat.TomcatWebServer  : Tomcat initialized with port(s): 0 (http)
2022-07-12 14:21:10.336  INFO 27969 --- [           main] o.apache.catalina.core.StandardService   : Starting service [Tomcat]
2022-07-12 14:21:10.337  INFO 27969 --- [           main] org.apache.catalina.core.StandardEngine  : Starting Servlet engine: [Apache Tomcat/9.0.64]
2022-07-12 14:21:10.497  INFO 27969 --- [           main] o.a.c.c.C.[Tomcat].[localhost].[/]       : Initializing Spring embedded WebApplicationContext
2022-07-12 14:21:10.497  INFO 27969 --- [           main] w.s.c.ServletWebServerApplicationContext : Root WebApplicationContext: initialization completed in 459 ms
2022-07-12 14:21:11.317  INFO 27969 --- [           main] o.s.b.w.embedded.tomcat.TomcatWebServer  : Tomcat started on port(s): 51642 (http) with context path ''
2022-07-12 14:21:11.324  INFO 27969 --- [           main] d.k.b.b.DemoControllerTest               : Started DemoControllerTest in 1.309 seconds (JVM running for 5.47)
]]></system-out>
  </testcase>
  <testcase name="shouldFailDueInvalidResponse" classname="de.kreuzwerker.blogs.bidirectionalprovider.DemoControllerTest" time="0">
    <skipped message="void de.kreuzwerker.blogs.bidirectionalprovider.DemoControllerTest.shouldFailDueInvalidResponse() throws org.json.JSONException is @Disabled"/>
  </testcase>
  <testcase name="shouldReturnList" classname="de.kreuzwerker.blogs.bidirectionalprovider.DemoControllerTest" time="0.995"/>
  <testcase name="shouldFailDueToPath" classname="de.kreuzwerker.blogs.bidirectionalprovider.DemoControllerTest" time="0">
    <skipped message="void de.kreuzwerker.blogs.bidirectionalprovider.DemoControllerTest.shouldFailDueToPath() is @Disabled"/>
  </testcase>
  <testcase name="shouldFailWithBadRequest" classname="de.kreuzwerker.blogs.bidirectionalprovider.DemoControllerTest" time="0">
    <skipped message="void de.kreuzwerker.blogs.bidirectionalprovider.DemoControllerTest.shouldFailWithBadRequest() throws org.json.JSONException is @Disabled"/>
  </testcase>
  <testcase name="shouldCreateEmployee" classname="de.kreuzwerker.blogs.bidirectionalprovider.DemoControllerTest" time="0.15"/>
  <testcase name="shouldFailDueInvalidRequest" classname="de.kreuzwerker.blogs.bidirectionalprovider.DemoControllerTest" time="0">
    <skipped message="void de.kreuzwerker.blogs.bidirectionalprovider.DemoControllerTest.shouldFailDueInvalidRequest() throws org.json.JSONException is @Disabled"/>
  </testcase>
</testsuite>